2022-08-25 15:21:19 INFO  ProjectStartupHandler.runActivity(74) - ---------- Project opened ----------
2022-08-25 15:21:19 INFO  ProjectStartupHandler.runActivity(75) - ---------- Version 3.58 ----------

2022-08-25 15:21:19 INFO  ProjectStartupHandler.setAutoscrolls(346) - Autoscrolls successfully set
2022-08-25 15:21:19 INFO  ApacheHttpClient.isSessionAppropriateWithSecretKey(589) - The session is not set in the property file.
2022-08-25 15:21:46 INFO  ApacheHttpClient.login(250) - Waiting for server response.
2022-08-25 15:21:46 INFO  ApacheHttpClient.login(250) - Waiting for server response.
2022-08-25 15:21:46 INFO  ApacheHttpClient.login(254) - responseCode = 400
2022-08-25 15:21:46 WARN  ApacheHttpClient.login(268) - Error while signing in using a secret key. Check properties file.responseCode = 400
com.homework.plugin.analytics.PluginWarningException: warning
	at com.homework.plugin.client.ApacheHttpClient.login(ApacheHttpClient.java:268)
	at com.homework.plugin.extension.ProjectStartupHandler.runActivity(ProjectStartupHandler.java:93)
	at com.intellij.ide.startup.impl.StartupManagerImpl.runStartupActivity(StartupManagerImpl.kt:311)
	at com.intellij.ide.startup.impl.StartupManagerImpl.runActivityAndMeasureDuration(StartupManagerImpl.kt:290)
	at com.intellij.ide.startup.impl.StartupManagerImpl.runActivityAndMeasureDuration$default(StartupManagerImpl.kt:285)
	at com.intellij.ide.startup.impl.StartupManagerImpl$runPostStartupActivities$1$2.run(StartupManagerImpl.kt:249)
	at com.intellij.openapi.project.DumbServiceImpl.doRun(DumbServiceImpl.java:398)
	at com.intellij.openapi.project.DumbServiceImpl.updateFinished(DumbServiceImpl.java:390)
	at com.intellij.openapi.project.TrackedEdtActivityService$TrackedEdtActivity.run(TrackedEdtActivityService.java:66)
	at com.intellij.openapi.application.TransactionGuardImpl.runWithWritingAllowed(TransactionGuardImpl.java:215)
	at com.intellij.openapi.application.TransactionGuardImpl.access$100(TransactionGuardImpl.java:22)
	at com.intellij.openapi.application.TransactionGuardImpl$1.run(TransactionGuardImpl.java:197)
	at com.intellij.openapi.application.impl.ApplicationImpl.runIntendedWriteActionOnCurrentThread(ApplicationImpl.java:873)
	at com.intellij.openapi.application.impl.ApplicationImpl$3.run(ApplicationImpl.java:511)
	at com.intellij.openapi.application.impl.FlushQueue.doRun(FlushQueue.java:69)
	at com.intellij.openapi.application.impl.FlushQueue.runNextEvent(FlushQueue.java:112)
	at com.intellij.openapi.application.impl.FlushQueue.flushNow(FlushQueue.java:42)
	at java.desktop/java.awt.event.InvocationEvent.dispatch(InvocationEvent.java:313)
	at java.desktop/java.awt.EventQueue.dispatchEventImpl(EventQueue.java:776)
	at java.desktop/java.awt.EventQueue$4.run(EventQueue.java:727)
	at java.desktop/java.awt.EventQueue$4.run(EventQueue.java:721)
	at java.base/java.security.AccessController.doPrivileged(Native Method)
	at java.base/java.security.ProtectionDomain$JavaSecurityAccessImpl.doIntersectionPrivilege(ProtectionDomain.java:85)
	at java.desktop/java.awt.EventQueue.dispatchEvent(EventQueue.java:746)
	at com.intellij.ide.IdeEventQueue.defaultDispatchEvent(IdeEventQueue.java:898)
	at com.intellij.ide.IdeEventQueue._dispatchEvent(IdeEventQueue.java:746)
	at com.intellij.ide.IdeEventQueue.lambda$dispatchEvent$6(IdeEventQueue.java:439)
	at com.intellij.openapi.progress.impl.CoreProgressManager.computePrioritized(CoreProgressManager.java:803)
	at com.intellij.ide.IdeEventQueue.lambda$dispatchEvent$7(IdeEventQueue.java:438)
	at com.intellij.openapi.application.TransactionGuardImpl.performActivity(TransactionGuardImpl.java:106)
	at com.intellij.ide.IdeEventQueue.performActivity(IdeEventQueue.java:604)
	at com.intellij.ide.IdeEventQueue.lambda$dispatchEvent$8(IdeEventQueue.java:436)
	at com.intellij.openapi.application.impl.ApplicationImpl.runIntendedWriteActionOnCurrentThread(ApplicationImpl.java:873)
	at com.intellij.ide.IdeEventQueue.dispatchEvent(IdeEventQueue.java:484)
	at java.desktop/java.awt.EventDispatchThread.pumpOneEventForFilters(EventDispatchThread.java:207)
	at java.desktop/java.awt.EventDispatchThread.pumpEventsForFilter(EventDispatchThread.java:128)
	at java.desktop/java.awt.EventDispatchThread.pumpEventsForHierarchy(EventDispatchThread.java:117)
	at java.desktop/java.awt.EventDispatchThread.pumpEvents(EventDispatchThread.java:113)
	at java.desktop/java.awt.EventDispatchThread.pumpEvents(EventDispatchThread.java:105)
	at java.desktop/java.awt.EventDispatchThread.run(EventDispatchThread.java:92)
2022-08-25 15:22:57 INFO  ApacheHttpClient.getWebResourceAsStream(502) - responseCode = 200
2022-08-25 15:22:57 INFO  ApacheHttpClient.logout(633) - Waiting for server response.
2022-08-25 15:22:57 INFO  ApacheHttpClient.logout(633) - Waiting for server response.
2022-08-25 15:24:06 INFO  ApacheHttpClient.login(250) - Waiting for server response.
2022-08-25 15:24:06 INFO  ApacheHttpClient.login(250) - Waiting for server response.
2022-08-25 15:24:06 INFO  ApacheHttpClient.login(250) - Waiting for server response.
2022-08-25 15:24:06 INFO  ApacheHttpClient.login(250) - Waiting for server response.
2022-08-25 15:24:06 INFO  ApacheHttpClient.login(250) - Waiting for server response.
2022-08-25 15:24:06 INFO  ApacheHttpClient.login(250) - Waiting for server response.
2022-08-25 15:24:06 INFO  ApacheHttpClient.login(254) - responseCode = 200
2022-08-25 15:24:06 INFO  ApacheHttpClient.login(277) - JSESSIONID OK
2022-08-25 15:24:06 INFO  ApacheHttpClient.refreshUserInfo(305) - responseCode = 200
2022-08-25 15:24:06 INFO  ApacheHttpClient.refreshUserInfo(311) - User information received.
2022-08-25 15:24:08 INFO  ApacheHttpClient.getFilteredTasks(336) - responseCode = 200
2022-08-25 15:24:46 INFO  TaskInfoSelectorMouseListener.createDirectoryRecursive(78) - File created :D:/JAVA/Projekty JAVA/CodeGym/CodeGymTasks/lib
2022-08-25 15:24:46 INFO  ApacheHttpClient.getWebResourceAsStream(502) - responseCode = 200
2022-08-25 15:24:46 INFO  ApacheHttpClient.getWebResourceAsStream(502) - responseCode = 200
2022-08-25 15:24:47 INFO  ApacheHttpClient.getTaskTemplateInfo(353) - responseCode = 200
2022-08-25 15:24:47 INFO  TaskInfoSelectorMouseListener.createDirectoryRecursive(78) - File created :D:/JAVA/Projekty JAVA/CodeGym/CodeGymTasks/8.Games/src/com
2022-08-25 15:24:47 INFO  TaskInfoSelectorMouseListener.createDirectoryRecursive(78) - File created :D:/JAVA/Projekty JAVA/CodeGym/CodeGymTasks/8.Games/src/com/codegym
2022-08-25 15:24:47 INFO  TaskInfoSelectorMouseListener.createDirectoryRecursive(78) - File created :D:/JAVA/Projekty JAVA/CodeGym/CodeGymTasks/8.Games/src/com/codegym/games
2022-08-25 15:24:47 INFO  TaskInfoSelectorMouseListener.createDirectoryRecursive(78) - File created :D:/JAVA/Projekty JAVA/CodeGym/CodeGymTasks/8.Games/src/com/codegym/games/minesweeper
2022-08-25 15:27:11 ERROR ApacheHttpClient.getServerAvailabilityStatus(568) - Error while checking server availability.
java.util.concurrent.ExecutionException: java.net.ConnectException: Connection timed out: no further information
	at org.apache.http.concurrent.BasicFuture.getResult(BasicFuture.java:70)
	at org.apache.http.concurrent.BasicFuture.get(BasicFuture.java:80)
	at com.homework.plugin.client.ApacheHttpClient.getResponseCode(ApacheHttpClient.java:577)
	at com.homework.plugin.client.ApacheHttpClient.getServerAvailabilityStatus(ApacheHttpClient.java:546)
	at com.homework.plugin.button.AbstractButton.isServerAvailable(AbstractButton.java:71)
	at com.homework.plugin.button.SelectTaskButton.actionPerformed(SelectTaskButton.java:18)
	at com.intellij.openapi.actionSystem.impl.ActionButton.actionPerformed(ActionButton.java:182)
	at com.intellij.openapi.actionSystem.impl.ActionButton.lambda$performAction$0(ActionButton.java:158)
	at com.intellij.openapi.actionSystem.ex.ActionUtil.performDumbAwareWithCallbacks(ActionUtil.java:256)
	at com.intellij.openapi.actionSystem.impl.ActionButton.performAction(ActionButton.java:158)
	at com.intellij.openapi.actionSystem.impl.ActionButton.processMouseEvent(ActionButton.java:464)
	at java.desktop/java.awt.Component.processEvent(Component.java:6419)
	at java.desktop/java.awt.Container.processEvent(Container.java:2263)
	at java.desktop/java.awt.Component.dispatchEventImpl(Component.java:5029)
	at java.desktop/java.awt.Container.dispatchEventImpl(Container.java:2321)
	at java.desktop/java.awt.Component.dispatchEvent(Component.java:4861)
	at java.desktop/java.awt.LightweightDispatcher.retargetMouseEvent(Container.java:4918)
	at java.desktop/java.awt.LightweightDispatcher.processMouseEvent(Container.java:4547)
	at java.desktop/java.awt.LightweightDispatcher.dispatchEvent(Container.java:4488)
	at java.desktop/java.awt.Container.dispatchEventImpl(Container.java:2307)
	at java.desktop/java.awt.Window.dispatchEventImpl(Window.java:2793)
	at java.desktop/java.awt.Component.dispatchEvent(Component.java:4861)
	at java.desktop/java.awt.EventQueue.dispatchEventImpl(EventQueue.java:778)
	at java.desktop/java.awt.EventQueue$4.run(EventQueue.java:727)
	at java.desktop/java.awt.EventQueue$4.run(EventQueue.java:721)
	at java.base/java.security.AccessController.doPrivileged(Native Method)
	at java.base/java.security.ProtectionDomain$JavaSecurityAccessImpl.doIntersectionPrivilege(ProtectionDomain.java:85)
	at java.base/java.security.ProtectionDomain$JavaSecurityAccessImpl.doIntersectionPrivilege(ProtectionDomain.java:95)
	at java.desktop/java.awt.EventQueue$5.run(EventQueue.java:751)
	at java.desktop/java.awt.EventQueue$5.run(EventQueue.java:749)
	at java.base/java.security.AccessController.doPrivileged(Native Method)
	at java.base/java.security.ProtectionDomain$JavaSecurityAccessImpl.doIntersectionPrivilege(ProtectionDomain.java:85)
	at java.desktop/java.awt.EventQueue.dispatchEvent(EventQueue.java:748)
	at com.intellij.ide.IdeEventQueue.defaultDispatchEvent(IdeEventQueue.java:898)
	at com.intellij.ide.IdeEventQueue.dispatchMouseEvent(IdeEventQueue.java:820)
	at com.intellij.ide.IdeEventQueue._dispatchEvent(IdeEventQueue.java:743)
	at com.intellij.ide.IdeEventQueue.lambda$dispatchEvent$6(IdeEventQueue.java:439)
	at com.intellij.openapi.progress.impl.CoreProgressManager.computePrioritized(CoreProgressManager.java:803)
	at com.intellij.ide.IdeEventQueue.lambda$dispatchEvent$7(IdeEventQueue.java:438)
	at com.intellij.openapi.application.TransactionGuardImpl.performActivity(TransactionGuardImpl.java:119)
	at com.intellij.ide.IdeEventQueue.performActivity(IdeEventQueue.java:604)
	at com.intellij.ide.IdeEventQueue.lambda$dispatchEvent$8(IdeEventQueue.java:436)
	at com.intellij.openapi.application.impl.ApplicationImpl.runIntendedWriteActionOnCurrentThread(ApplicationImpl.java:873)
	at com.intellij.ide.IdeEventQueue.dispatchEvent(IdeEventQueue.java:484)
	at java.desktop/java.awt.EventDispatchThread.pumpOneEventForFilters(EventDispatchThread.java:207)
	at java.desktop/java.awt.EventDispatchThread.pumpEventsForFilter(EventDispatchThread.java:128)
	at java.desktop/java.awt.EventDispatchThread.pumpEventsForHierarchy(EventDispatchThread.java:117)
	at java.desktop/java.awt.EventDispatchThread.pumpEvents(EventDispatchThread.java:113)
	at java.desktop/java.awt.EventDispatchThread.pumpEvents(EventDispatchThread.java:105)
	at java.desktop/java.awt.EventDispatchThread.run(EventDispatchThread.java:92)
Caused by: java.net.ConnectException: Connection timed out: no further information
	at java.base/sun.nio.ch.SocketChannelImpl.checkConnect(Native Method)
	at java.base/sun.nio.ch.SocketChannelImpl.finishConnect(SocketChannelImpl.java:777)
	at org.apache.http.impl.nio.reactor.DefaultConnectingIOReactor.processEvent(DefaultConnectingIOReactor.java:171)
	at org.apache.http.impl.nio.reactor.DefaultConnectingIOReactor.processEvents(DefaultConnectingIOReactor.java:145)
	at org.apache.http.impl.nio.reactor.AbstractMultiworkerIOReactor.execute(AbstractMultiworkerIOReactor.java:348)
	at org.apache.http.impl.nio.conn.PoolingNHttpClientConnectionManager.execute(PoolingNHttpClientConnectionManager.java:192)
	at org.apache.http.impl.nio.client.CloseableHttpAsyncClientBase$1.run(CloseableHttpAsyncClientBase.java:64)
	at java.base/java.lang.Thread.run(Thread.java:829)
2022-08-25 15:27:11 WARN  SelectTaskButton.isServerAvailable(79) - The server is unavailable. Wait a little, restart IntelliJ IDEA and try again.
com.homework.plugin.analytics.PluginWarningException: warning
	at com.homework.plugin.button.AbstractButton.isServerAvailable(AbstractButton.java:79)
	at com.homework.plugin.button.SelectTaskButton.actionPerformed(SelectTaskButton.java:18)
	at com.intellij.openapi.actionSystem.impl.ActionButton.actionPerformed(ActionButton.java:182)
	at com.intellij.openapi.actionSystem.impl.ActionButton.lambda$performAction$0(ActionButton.java:158)
	at com.intellij.openapi.actionSystem.ex.ActionUtil.performDumbAwareWithCallbacks(ActionUtil.java:256)
	at com.intellij.openapi.actionSystem.impl.ActionButton.performAction(ActionButton.java:158)
	at com.intellij.openapi.actionSystem.impl.ActionButton.processMouseEvent(ActionButton.java:464)
	at java.desktop/java.awt.Component.processEvent(Component.java:6419)
	at java.desktop/java.awt.Container.processEvent(Container.java:2263)
	at java.desktop/java.awt.Component.dispatchEventImpl(Component.java:5029)
	at java.desktop/java.awt.Container.dispatchEventImpl(Container.java:2321)
	at java.desktop/java.awt.Component.dispatchEvent(Component.java:4861)
	at java.desktop/java.awt.LightweightDispatcher.retargetMouseEvent(Container.java:4918)
	at java.desktop/java.awt.LightweightDispatcher.processMouseEvent(Container.java:4547)
	at java.desktop/java.awt.LightweightDispatcher.dispatchEvent(Container.java:4488)
	at java.desktop/java.awt.Container.dispatchEventImpl(Container.java:2307)
	at java.desktop/java.awt.Window.dispatchEventImpl(Window.java:2793)
	at java.desktop/java.awt.Component.dispatchEvent(Component.java:4861)
	at java.desktop/java.awt.EventQueue.dispatchEventImpl(EventQueue.java:778)
	at java.desktop/java.awt.EventQueue$4.run(EventQueue.java:727)
	at java.desktop/java.awt.EventQueue$4.run(EventQueue.java:721)
	at java.base/java.security.AccessController.doPrivileged(Native Method)
	at java.base/java.security.ProtectionDomain$JavaSecurityAccessImpl.doIntersectionPrivilege(ProtectionDomain.java:85)
	at java.base/java.security.ProtectionDomain$JavaSecurityAccessImpl.doIntersectionPrivilege(ProtectionDomain.java:95)
	at java.desktop/java.awt.EventQueue$5.run(EventQueue.java:751)
	at java.desktop/java.awt.EventQueue$5.run(EventQueue.java:749)
	at java.base/java.security.AccessController.doPrivileged(Native Method)
	at java.base/java.security.ProtectionDomain$JavaSecurityAccessImpl.doIntersectionPrivilege(ProtectionDomain.java:85)
	at java.desktop/java.awt.EventQueue.dispatchEvent(EventQueue.java:748)
	at com.intellij.ide.IdeEventQueue.defaultDispatchEvent(IdeEventQueue.java:898)
	at com.intellij.ide.IdeEventQueue.dispatchMouseEvent(IdeEventQueue.java:820)
	at com.intellij.ide.IdeEventQueue._dispatchEvent(IdeEventQueue.java:743)
	at com.intellij.ide.IdeEventQueue.lambda$dispatchEvent$6(IdeEventQueue.java:439)
	at com.intellij.openapi.progress.impl.CoreProgressManager.computePrioritized(CoreProgressManager.java:803)
	at com.intellij.ide.IdeEventQueue.lambda$dispatchEvent$7(IdeEventQueue.java:438)
	at com.intellij.openapi.application.TransactionGuardImpl.performActivity(TransactionGuardImpl.java:119)
	at com.intellij.ide.IdeEventQueue.performActivity(IdeEventQueue.java:604)
	at com.intellij.ide.IdeEventQueue.lambda$dispatchEvent$8(IdeEventQueue.java:436)
	at com.intellij.openapi.application.impl.ApplicationImpl.runIntendedWriteActionOnCurrentThread(ApplicationImpl.java:873)
	at com.intellij.ide.IdeEventQueue.dispatchEvent(IdeEventQueue.java:484)
	at java.desktop/java.awt.EventDispatchThread.pumpOneEventForFilters(EventDispatchThread.java:207)
	at java.desktop/java.awt.EventDispatchThread.pumpEventsForFilter(EventDispatchThread.java:128)
	at java.desktop/java.awt.EventDispatchThread.pumpEventsForHierarchy(EventDispatchThread.java:117)
	at java.desktop/java.awt.EventDispatchThread.pumpEvents(EventDispatchThread.java:113)
	at java.desktop/java.awt.EventDispatchThread.pumpEvents(EventDispatchThread.java:105)
	at java.desktop/java.awt.EventDispatchThread.run(EventDispatchThread.java:92)
2022-08-25 15:28:34 INFO  ApacheHttpClient.getWebResourceAsStream(502) - responseCode = 200
2022-08-25 15:28:36 INFO  ApacheHttpClient.getFilteredTasks(336) - responseCode = 200
2022-08-25 15:32:17 INFO  ApacheHttpClient.getWebResourceAsStream(502) - responseCode = 200
2022-08-25 15:32:19 INFO  ApacheHttpClient.getFilteredTasks(336) - responseCode = 200
2022-08-25 15:32:31 INFO  ApacheHttpClient.getFilteredTasks(336) - responseCode = 200
2022-08-25 15:32:39 INFO  ApacheHttpClient.getFilteredTasks(336) - responseCode = 200
2022-08-25 15:32:43 INFO  ApacheHttpClient.getFilteredTasks(336) - responseCode = 200
2022-08-25 15:33:22 INFO  ApacheHttpClient.getTaskTemplateInfo(353) - responseCode = 200
2022-08-25 15:33:22 INFO  TaskInfoSelectorMouseListener.createDirectoryRecursive(78) - File created :D:/JAVA/Projekty JAVA/CodeGym/CodeGymTasks/1.JavaSyntax/src/pl
2022-08-25 15:33:22 INFO  TaskInfoSelectorMouseListener.createDirectoryRecursive(78) - File created :D:/JAVA/Projekty JAVA/CodeGym/CodeGymTasks/1.JavaSyntax/src/pl/codegym
2022-08-25 15:33:22 INFO  TaskInfoSelectorMouseListener.createDirectoryRecursive(78) - File created :D:/JAVA/Projekty JAVA/CodeGym/CodeGymTasks/1.JavaSyntax/src/pl/codegym/task
2022-08-25 15:33:22 INFO  TaskInfoSelectorMouseListener.createDirectoryRecursive(78) - File created :D:/JAVA/Projekty JAVA/CodeGym/CodeGymTasks/1.JavaSyntax/src/pl/codegym/task/task03
2022-08-25 15:33:22 INFO  TaskInfoSelectorMouseListener.createDirectoryRecursive(78) - File created :D:/JAVA/Projekty JAVA/CodeGym/CodeGymTasks/1.JavaSyntax/src/pl/codegym/task/task03/task0302
2022-08-25 15:36:34 INFO  ApacheHttpClient.getWebResourceAsStream(502) - responseCode = 200
2022-08-25 15:36:34 INFO  ApacheHttpClient.completed(32) - responseCode = 200
2022-08-25 15:36:35 INFO  ApacheHttpClient.getTask(488) - responseCode = 200
2022-08-25 15:44:12 INFO  ApacheHttpClient.getWebResourceAsStream(502) - responseCode = 200
2022-08-25 15:44:13 INFO  ApacheHttpClient.getTask(488) - responseCode = 200
2022-08-25 15:44:17 INFO  ApacheHttpClient.completed(32) - responseCode = 200
2022-08-25 15:44:17 INFO  ApacheHttpClient.getTask(488) - responseCode = 200
2022-08-25 15:47:46 INFO  PluginProjectService.dispose(41) - PluginProjectService for disposed.
2022-08-25 15:48:21 INFO  ProjectStartupHandler.runActivity(74) - ---------- Project opened ----------
2022-08-25 15:48:21 INFO  ProjectStartupHandler.runActivity(75) - ---------- Version 3.58 ----------

2022-08-25 15:48:21 INFO  ProjectStartupHandler.setAutoscrolls(346) - Autoscrolls successfully set
2022-08-25 15:48:22 INFO  ApacheHttpClient.isSessionAppropriateWithSecretKey(602) - Waiting for server response.
2022-08-25 15:48:22 INFO  ApacheHttpClient.isSessionAppropriateWithSecretKey(602) - Waiting for server response.
2022-08-25 15:48:22 INFO  ApacheHttpClient.refreshUserInfo(305) - responseCode = 200
2022-08-25 15:48:22 INFO  ApacheHttpClient.refreshUserInfo(311) - User information received.
2022-08-25 15:48:22 INFO  ApacheHttpClient.startGA(36) - GAService started.
2022-08-25 15:53:34 INFO  ProjectStartupHandler.projectClosing(155) - ---------- Project closed ----------

2022-08-25 15:53:34 INFO  PluginProjectService.dispose(41) - PluginProjectService for disposed.
2022-08-25 15:54:05 INFO  ProjectStartupHandler.runActivity(74) - ---------- Project opened ----------
2022-08-25 15:54:05 INFO  ProjectStartupHandler.runActivity(75) - ---------- Version 3.58 ----------

2022-08-25 15:54:05 INFO  ApacheHttpClient.isSessionAppropriateWithSecretKey(602) - Waiting for server response.
2022-08-25 15:54:05 INFO  ApacheHttpClient.isSessionAppropriateWithSecretKey(602) - Waiting for server response.
2022-08-25 15:54:05 INFO  ApacheHttpClient.refreshUserInfo(305) - responseCode = 200
2022-08-25 15:54:05 INFO  ApacheHttpClient.refreshUserInfo(311) - User information received.
2022-08-25 15:54:05 INFO  ApacheHttpClient.startGA(36) - GAService started.
2022-08-25 16:07:35 INFO  ProjectStartupHandler.projectClosing(155) - ---------- Project closed ----------

2022-08-25 16:07:36 INFO  ApacheHttpClient.getTask(488) - responseCode = 200
2022-08-25 16:07:37 INFO  PluginProjectService.dispose(41) - PluginProjectService for disposed.
2022-08-25 16:08:10 INFO  ProjectStartupHandler.runActivity(74) - ---------- Project opened ----------
2022-08-25 16:08:10 INFO  ProjectStartupHandler.runActivity(75) - ---------- Version 3.58 ----------

2022-08-25 16:08:10 INFO  ApacheHttpClient.isSessionAppropriateWithSecretKey(602) - Waiting for server response.
2022-08-25 16:08:10 INFO  ApacheHttpClient.isSessionAppropriateWithSecretKey(602) - Waiting for server response.
2022-08-25 16:08:10 INFO  ApacheHttpClient.refreshUserInfo(305) - responseCode = 200
2022-08-25 16:08:10 INFO  ApacheHttpClient.refreshUserInfo(311) - User information received.
2022-08-25 16:08:10 INFO  ApacheHttpClient.startGA(36) - GAService started.
2022-08-25 16:09:17 INFO  ProjectStartupHandler.projectClosing(155) - ---------- Project closed ----------

2022-08-25 16:09:17 INFO  PluginProjectService.dispose(41) - PluginProjectService for disposed.
2022-08-25 16:09:49 INFO  ProjectStartupHandler.runActivity(74) - ---------- Project opened ----------
2022-08-25 16:09:49 INFO  ProjectStartupHandler.runActivity(75) - ---------- Version 3.58 ----------

2022-08-25 16:09:49 INFO  ApacheHttpClient.isSessionAppropriateWithSecretKey(602) - Waiting for server response.
2022-08-25 16:09:49 INFO  ApacheHttpClient.isSessionAppropriateWithSecretKey(602) - Waiting for server response.
2022-08-25 16:09:50 INFO  ApacheHttpClient.refreshUserInfo(305) - responseCode = 200
2022-08-25 16:09:50 INFO  ApacheHttpClient.refreshUserInfo(311) - User information received.
2022-08-25 16:09:50 INFO  ApacheHttpClient.startGA(36) - GAService started.
2022-08-25 16:14:25 INFO  ProjectStartupHandler.projectClosing(155) - ---------- Project closed ----------

2022-08-25 16:14:25 INFO  PluginProjectService.dispose(41) - PluginProjectService for disposed.
2022-08-25 16:14:48 INFO  ProjectStartupHandler.runActivity(74) - ---------- Project opened ----------
2022-08-25 16:14:48 INFO  ProjectStartupHandler.runActivity(75) - ---------- Version 3.58 ----------

2022-08-25 16:14:48 INFO  ApacheHttpClient.isSessionAppropriateWithSecretKey(602) - Waiting for server response.
2022-08-25 16:14:48 INFO  ApacheHttpClient.isSessionAppropriateWithSecretKey(602) - Waiting for server response.
2022-08-25 16:14:48 INFO  ApacheHttpClient.refreshUserInfo(305) - responseCode = 200
2022-08-25 16:14:48 INFO  ApacheHttpClient.refreshUserInfo(311) - User information received.
2022-08-25 16:14:49 INFO  ApacheHttpClient.startGA(36) - GAService started.
2022-08-25 17:47:58 INFO  ApacheHttpClient.getWebResourceAsStream(502) - responseCode = 200
2022-08-25 17:47:59 INFO  ApacheHttpClient.getFilteredTasks(336) - responseCode = 200
2022-08-25 17:48:01 INFO  ApacheHttpClient.getTaskTemplateInfo(353) - responseCode = 200
2022-08-25 17:48:01 INFO  TaskInfoSelectorMouseListener.createDirectoryRecursive(78) - File created :D:/JAVA/Projekty JAVA/CodeGym/CodeGymTasks/1.JavaSyntax/src/pl/codegym/task/task03/task0303
2022-08-25 18:01:01 INFO  ApacheHttpClient.getWebResourceAsStream(502) - responseCode = 200
2022-08-25 18:01:02 INFO  ApacheHttpClient.getTask(488) - responseCode = 200
2022-08-25 18:01:04 INFO  ApacheHttpClient.completed(32) - responseCode = 200
2022-08-25 18:01:04 INFO  ApacheHttpClient.getTask(488) - responseCode = 200
2022-08-25 18:01:41 INFO  ApacheHttpClient.getWebResourceAsStream(502) - responseCode = 200
2022-08-25 18:01:41 INFO  ApacheHttpClient.getFilteredTasks(336) - responseCode = 200
2022-08-25 18:01:43 INFO  ApacheHttpClient.getTaskTemplateInfo(353) - responseCode = 200
2022-08-25 18:01:43 INFO  TaskInfoSelectorMouseListener.createDirectoryRecursive(78) - File created :D:/JAVA/Projekty JAVA/CodeGym/CodeGymTasks/1.JavaSyntax/src/pl/codegym/task/task03/task0304
2022-08-25 18:04:43 INFO  ApacheHttpClient.getWebResourceAsStream(502) - responseCode = 200
2022-08-25 18:04:44 INFO  ApacheHttpClient.getTask(488) - responseCode = 200
2022-08-25 18:04:47 INFO  ApacheHttpClient.completed(32) - responseCode = 200
2022-08-25 18:04:47 INFO  ApacheHttpClient.getTask(488) - responseCode = 200
2022-08-25 18:05:55 INFO  ApacheHttpClient.getWebResourceAsStream(502) - responseCode = 200
2022-08-25 18:05:55 INFO  ApacheHttpClient.getFilteredTasks(336) - responseCode = 200
2022-08-25 18:06:00 INFO  ApacheHttpClient.getFilteredTasks(336) - responseCode = 200
2022-08-25 18:06:04 INFO  ApacheHttpClient.getFilteredTasks(336) - responseCode = 200
2022-08-25 18:07:34 INFO  ApacheHttpClient.getWebResourceAsStream(502) - responseCode = 200
2022-08-25 18:07:34 INFO  ApacheHttpClient.getFilteredTasks(336) - responseCode = 200
2022-08-25 18:07:40 INFO  ApacheHttpClient.getTaskTemplateInfo(353) - responseCode = 200
2022-08-25 18:07:40 INFO  TaskInfoSelectorMouseListener.createDirectoryRecursive(78) - File created :D:/JAVA/Projekty JAVA/CodeGym/CodeGymTasks/1.JavaSyntax/src/pl/codegym/task/task03/task0305
2022-08-25 18:09:42 INFO  ApacheHttpClient.getWebResourceAsStream(502) - responseCode = 200
2022-08-25 18:09:42 INFO  ApacheHttpClient.getTask(488) - responseCode = 200
2022-08-25 18:09:43 INFO  ApacheHttpClient.completed(32) - responseCode = 200
2022-08-25 18:09:44 INFO  ApacheHttpClient.getTask(488) - responseCode = 200
2022-08-25 18:10:13 INFO  ApacheHttpClient.getWebResourceAsStream(502) - responseCode = 200
2022-08-25 18:10:14 INFO  ApacheHttpClient.getFilteredTasks(336) - responseCode = 200
2022-08-25 18:10:16 INFO  ApacheHttpClient.getTaskTemplateInfo(353) - responseCode = 200
2022-08-25 18:10:16 INFO  TaskInfoSelectorMouseListener.createDirectoryRecursive(78) - File created :D:/JAVA/Projekty JAVA/CodeGym/CodeGymTasks/1.JavaSyntax/src/pl/codegym/task/task03/task0306
2022-08-25 18:24:32 INFO  ApacheHttpClient.getWebResourceAsStream(502) - responseCode = 200
2022-08-25 18:24:33 INFO  ApacheHttpClient.getTask(488) - responseCode = 200
2022-08-25 18:24:34 INFO  ApacheHttpClient.completed(32) - responseCode = 200
2022-08-25 18:32:53 INFO  ApacheHttpClient.getWebResourceAsStream(502) - responseCode = 200
2022-08-25 18:32:54 INFO  ApacheHttpClient.getTask(488) - responseCode = 200
2022-08-25 18:32:55 INFO  ApacheHttpClient.completed(32) - responseCode = 200
2022-08-25 18:32:55 INFO  ApacheHttpClient.getTask(488) - responseCode = 200
2022-08-25 18:33:22 INFO  ApacheHttpClient.getWebResourceAsStream(502) - responseCode = 200
2022-08-25 18:33:23 INFO  ApacheHttpClient.getTask(488) - responseCode = 200
2022-08-25 18:33:23 INFO  ApacheHttpClient.completed(32) - responseCode = 400
2022-08-25 18:33:23 WARN  TaskCompleted.run(74) - You already completed this task: "Czerwona zaraza"
com.homework.plugin.analytics.PluginWarningException: warning
	at com.homework.plugin.callback.TaskCompleted.run(TaskCompleted.java:74)
	at com.intellij.openapi.application.TransactionGuardImpl.runWithWritingAllowed(TransactionGuardImpl.java:215)
	at com.intellij.openapi.application.TransactionGuardImpl.access$100(TransactionGuardImpl.java:22)
	at com.intellij.openapi.application.TransactionGuardImpl$1.run(TransactionGuardImpl.java:197)
	at com.intellij.openapi.application.impl.ApplicationImpl.runIntendedWriteActionOnCurrentThread(ApplicationImpl.java:873)
	at com.intellij.openapi.application.impl.ApplicationImpl$3.run(ApplicationImpl.java:511)
	at com.intellij.openapi.application.impl.FlushQueue.doRun(FlushQueue.java:69)
	at com.intellij.openapi.application.impl.FlushQueue.runNextEvent(FlushQueue.java:112)
	at com.intellij.openapi.application.impl.FlushQueue.flushNow(FlushQueue.java:42)
	at java.desktop/java.awt.event.InvocationEvent.dispatch(InvocationEvent.java:313)
	at java.desktop/java.awt.EventQueue.dispatchEventImpl(EventQueue.java:776)
	at java.desktop/java.awt.EventQueue$4.run(EventQueue.java:727)
	at java.desktop/java.awt.EventQueue$4.run(EventQueue.java:721)
	at java.base/java.security.AccessController.doPrivileged(Native Method)
	at java.base/java.security.ProtectionDomain$JavaSecurityAccessImpl.doIntersectionPrivilege(ProtectionDomain.java:85)
	at java.desktop/java.awt.EventQueue.dispatchEvent(EventQueue.java:746)
	at com.intellij.ide.IdeEventQueue.defaultDispatchEvent(IdeEventQueue.java:898)
	at com.intellij.ide.IdeEventQueue._dispatchEvent(IdeEventQueue.java:746)
	at com.intellij.ide.IdeEventQueue.lambda$dispatchEvent$6(IdeEventQueue.java:439)
	at com.intellij.openapi.progress.impl.CoreProgressManager.computePrioritized(CoreProgressManager.java:803)
	at com.intellij.ide.IdeEventQueue.lambda$dispatchEvent$7(IdeEventQueue.java:438)
	at com.intellij.openapi.application.TransactionGuardImpl.performActivity(TransactionGuardImpl.java:106)
	at com.intellij.ide.IdeEventQueue.performActivity(IdeEventQueue.java:604)
	at com.intellij.ide.IdeEventQueue.lambda$dispatchEvent$8(IdeEventQueue.java:436)
	at com.intellij.openapi.application.impl.ApplicationImpl.runIntendedWriteActionOnCurrentThread(ApplicationImpl.java:873)
	at com.intellij.ide.IdeEventQueue.dispatchEvent(IdeEventQueue.java:484)
	at java.desktop/java.awt.EventDispatchThread.pumpOneEventForFilters(EventDispatchThread.java:207)
	at java.desktop/java.awt.EventDispatchThread.pumpEventsForFilter(EventDispatchThread.java:128)
	at java.desktop/java.awt.EventDispatchThread.pumpEventsForHierarchy(EventDispatchThread.java:117)
	at java.desktop/java.awt.EventDispatchThread.pumpEvents(EventDispatchThread.java:113)
	at java.desktop/java.awt.EventDispatchThread.pumpEvents(EventDispatchThread.java:105)
	at java.desktop/java.awt.EventDispatchThread.run(EventDispatchThread.java:92)
2022-08-25 18:33:27 INFO  ApacheHttpClient.getWebResourceAsStream(502) - responseCode = 200
2022-08-25 18:33:27 INFO  ApacheHttpClient.getFilteredTasks(336) - responseCode = 200
2022-08-25 18:33:30 INFO  ApacheHttpClient.getTaskTemplateInfo(353) - responseCode = 200
2022-08-25 18:33:30 INFO  TaskInfoSelectorMouseListener.createDirectoryRecursive(78) - File created :D:/JAVA/Projekty JAVA/CodeGym/CodeGymTasks/1.JavaSyntax/src/pl/codegym/task/task03/task0307
2022-08-25 18:48:49 INFO  ApacheHttpClient.getWebResourceAsStream(502) - responseCode = 200
2022-08-25 18:48:49 INFO  ApacheHttpClient.getTask(488) - responseCode = 200
2022-08-25 18:48:52 INFO  ApacheHttpClient.completed(32) - responseCode = 200
2022-08-25 18:48:53 INFO  ApacheHttpClient.getTask(488) - responseCode = 200
2022-08-25 18:49:23 INFO  ApacheHttpClient.getWebResourceAsStream(502) - responseCode = 200
2022-08-25 18:49:24 INFO  ApacheHttpClient.getFilteredTasks(336) - responseCode = 200
2022-08-25 18:49:35 INFO  ApacheHttpClient.getTaskTemplateInfo(353) - responseCode = 200
2022-08-25 18:49:35 INFO  TaskInfoSelectorMouseListener.createDirectoryRecursive(78) - File created :D:/JAVA/Projekty JAVA/CodeGym/CodeGymTasks/1.JavaSyntax/src/pl/codegym/task/task03/task0308
2022-08-25 18:52:34 INFO  ApacheHttpClient.getWebResourceAsStream(502) - responseCode = 200
2022-08-25 18:52:35 INFO  ApacheHttpClient.getTask(488) - responseCode = 200
2022-08-25 18:52:35 INFO  ApacheHttpClient.completed(32) - responseCode = 200
2022-08-25 18:52:36 INFO  ApacheHttpClient.getTask(488) - responseCode = 200
